Starting testbench for dff
VCD info: dumpfile ../../sim/waveforms/dff_tb.vcd opened for output.
Time 5000: d=0 clk=1 → out=x
Time 15000: d=0 clk=1 → out=0
Time 25000: d=0 clk=1 → out=0
ERROR: ../../tb/dff_tb.sv:60: FAIL: d=1 clk=1 → out=0 (expected out=1)
       Time: 35000  Scope: dff_tb.$ivl_for_loop0
Time 35000: d=1 clk=1 → out=0
ERROR: ../../tb/dff_tb.sv:60: FAIL: d=0 clk=1 → out=1 (expected out=0)
       Time: 45000  Scope: dff_tb.$ivl_for_loop0
Time 45000: d=0 clk=1 → out=1
Time 55000: d=0 clk=1 → out=0
Time 65000: d=0 clk=1 → out=0
ERROR: ../../tb/dff_tb.sv:60: FAIL: d=1 clk=1 → out=0 (expected out=1)
       Time: 75000  Scope: dff_tb.$ivl_for_loop0
Time 75000: d=1 clk=1 → out=0
Time 85000: d=1 clk=1 → out=1
ERROR: ../../tb/dff_tb.sv:60: FAIL: d=0 clk=1 → out=1 (expected out=0)
       Time: 95000  Scope: dff_tb.$ivl_for_loop0
Time 95000: d=0 clk=1 → out=1
Time 105000: d=0 clk=1 → out=0
ERROR: ../../tb/dff_tb.sv:60: FAIL: d=1 clk=1 → out=0 (expected out=1)
       Time: 115000  Scope: dff_tb.$ivl_for_loop0
Time 115000: d=1 clk=1 → out=0
Time 125000: d=1 clk=1 → out=1
Time 135000: d=1 clk=1 → out=1
Time 145000: d=1 clk=1 → out=1
Time 155000: d=1 clk=1 → out=1
Time 165000: d=1 clk=1 → out=1
Time 175000: d=1 clk=1 → out=1
ERROR: ../../tb/dff_tb.sv:60: FAIL: d=0 clk=1 → out=1 (expected out=0)
       Time: 185000  Scope: dff_tb.$ivl_for_loop0
Time 185000: d=0 clk=1 → out=1
Time 195000: d=0 clk=1 → out=0
Time 205000: d=0 clk=1 → out=0
ERROR: ../../tb/dff_tb.sv:60: FAIL: d=1 clk=1 → out=0 (expected out=1)
       Time: 215000  Scope: dff_tb.$ivl_for_loop0
Time 215000: d=1 clk=1 → out=0
ERROR: ../../tb/dff_tb.sv:60: FAIL: d=0 clk=1 → out=1 (expected out=0)
       Time: 225000  Scope: dff_tb.$ivl_for_loop0
Time 225000: d=0 clk=1 → out=1
Time 235000: d=0 clk=1 → out=0
ERROR: ../../tb/dff_tb.sv:60: FAIL: d=1 clk=1 → out=0 (expected out=1)
       Time: 245000  Scope: dff_tb.$ivl_for_loop0
Time 245000: d=1 clk=1 → out=0
Time 255000: d=1 clk=1 → out=1
ERROR: ../../tb/dff_tb.sv:60: FAIL: d=0 clk=1 → out=1 (expected out=0)
       Time: 265000  Scope: dff_tb.$ivl_for_loop0
Time 265000: d=0 clk=1 → out=1
Time 275000: d=0 clk=1 → out=0
Time 285000: d=0 clk=1 → out=0
ERROR: ../../tb/dff_tb.sv:60: FAIL: d=1 clk=1 → out=0 (expected out=1)
       Time: 295000  Scope: dff_tb.$ivl_for_loop0
Time 295000: d=1 clk=1 → out=0
ERROR: ../../tb/dff_tb.sv:60: FAIL: d=0 clk=1 → out=1 (expected out=0)
       Time: 305000  Scope: dff_tb.$ivl_for_loop0
Time 305000: d=0 clk=1 → out=1
Time 315000: d=0 clk=1 → out=0
Time 325000: d=0 clk=1 → out=0
Time 335000: d=0 clk=1 → out=0
ERROR: ../../tb/dff_tb.sv:60: FAIL: d=1 clk=1 → out=0 (expected out=1)
       Time: 345000  Scope: dff_tb.$ivl_for_loop0
Time 345000: d=1 clk=1 → out=0
ERROR: ../../tb/dff_tb.sv:60: FAIL: d=0 clk=1 → out=1 (expected out=0)
       Time: 355000  Scope: dff_tb.$ivl_for_loop0
Time 355000: d=0 clk=1 → out=1
ERROR: ../../tb/dff_tb.sv:60: FAIL: d=1 clk=1 → out=0 (expected out=1)
       Time: 365000  Scope: dff_tb.$ivl_for_loop0
Time 365000: d=1 clk=1 → out=0
Time 375000: d=1 clk=1 → out=1
ERROR: ../../tb/dff_tb.sv:60: FAIL: d=0 clk=1 → out=1 (expected out=0)
       Time: 385000  Scope: dff_tb.$ivl_for_loop0
Time 385000: d=0 clk=1 → out=1
Time 395000: d=0 clk=1 → out=0
Time 405000: d=0 clk=1 → out=0
Time 415000: d=0 clk=1 → out=0
Time 425000: d=0 clk=1 → out=0
ERROR: ../../tb/dff_tb.sv:60: FAIL: d=1 clk=1 → out=0 (expected out=1)
       Time: 435000  Scope: dff_tb.$ivl_for_loop0
Time 435000: d=1 clk=1 → out=0
ERROR: ../../tb/dff_tb.sv:60: FAIL: d=0 clk=1 → out=1 (expected out=0)
       Time: 445000  Scope: dff_tb.$ivl_for_loop0
Time 445000: d=0 clk=1 → out=1
Time 455000: d=0 clk=1 → out=0
Time 465000: d=0 clk=1 → out=0
ERROR: ../../tb/dff_tb.sv:60: FAIL: d=1 clk=1 → out=0 (expected out=1)
       Time: 475000  Scope: dff_tb.$ivl_for_loop0
Time 475000: d=1 clk=1 → out=0
ERROR: ../../tb/dff_tb.sv:60: FAIL: d=0 clk=1 → out=1 (expected out=0)
       Time: 485000  Scope: dff_tb.$ivl_for_loop0
Time 485000: d=0 clk=1 → out=1
ERROR: ../../tb/dff_tb.sv:60: FAIL: d=1 clk=1 → out=0 (expected out=1)
       Time: 495000  Scope: dff_tb.$ivl_for_loop0
Time 495000: d=1 clk=1 → out=0
Time 505000: d=1 clk=1 → out=1
ERROR: ../../tb/dff_tb.sv:60: FAIL: d=0 clk=1 → out=1 (expected out=0)
       Time: 515000  Scope: dff_tb.$ivl_for_loop0
Time 515000: d=0 clk=1 → out=1
Time 525000: d=0 clk=1 → out=0
ERROR: ../../tb/dff_tb.sv:60: FAIL: d=1 clk=1 → out=0 (expected out=1)
       Time: 535000  Scope: dff_tb.$ivl_for_loop0
Time 535000: d=1 clk=1 → out=0
Time 545000: d=1 clk=1 → out=1
Time 555000: d=1 clk=1 → out=1
ERROR: ../../tb/dff_tb.sv:60: FAIL: d=0 clk=1 → out=1 (expected out=0)
       Time: 565000  Scope: dff_tb.$ivl_for_loop0
Time 565000: d=0 clk=1 → out=1
ERROR: ../../tb/dff_tb.sv:60: FAIL: d=1 clk=1 → out=0 (expected out=1)
       Time: 575000  Scope: dff_tb.$ivl_for_loop0
Time 575000: d=1 clk=1 → out=0
ERROR: ../../tb/dff_tb.sv:60: FAIL: d=0 clk=1 → out=1 (expected out=0)
       Time: 585000  Scope: dff_tb.$ivl_for_loop0
Time 585000: d=0 clk=1 → out=1
ERROR: ../../tb/dff_tb.sv:60: FAIL: d=1 clk=1 → out=0 (expected out=1)
       Time: 595000  Scope: dff_tb.$ivl_for_loop0
Time 595000: d=1 clk=1 → out=0
Time 605000: d=1 clk=1 → out=1
Time 615000: d=1 clk=1 → out=1
Time 625000: d=1 clk=1 → out=1
ERROR: ../../tb/dff_tb.sv:60: FAIL: d=0 clk=1 → out=1 (expected out=0)
       Time: 635000  Scope: dff_tb.$ivl_for_loop0
Time 635000: d=0 clk=1 → out=1
ERROR: ../../tb/dff_tb.sv:60: FAIL: d=1 clk=1 → out=0 (expected out=1)
       Time: 645000  Scope: dff_tb.$ivl_for_loop0
Time 645000: d=1 clk=1 → out=0
ERROR: ../../tb/dff_tb.sv:60: FAIL: d=0 clk=1 → out=1 (expected out=0)
       Time: 655000  Scope: dff_tb.$ivl_for_loop0
Time 655000: d=0 clk=1 → out=1
Time 665000: d=0 clk=1 → out=0
ERROR: ../../tb/dff_tb.sv:60: FAIL: d=1 clk=1 → out=0 (expected out=1)
       Time: 675000  Scope: dff_tb.$ivl_for_loop0
Time 675000: d=1 clk=1 → out=0
Time 685000: d=1 clk=1 → out=1
ERROR: ../../tb/dff_tb.sv:60: FAIL: d=0 clk=1 → out=1 (expected out=0)
       Time: 695000  Scope: dff_tb.$ivl_for_loop0
Time 695000: d=0 clk=1 → out=1
ERROR: ../../tb/dff_tb.sv:60: FAIL: d=1 clk=1 → out=0 (expected out=1)
       Time: 705000  Scope: dff_tb.$ivl_for_loop0
Time 705000: d=1 clk=1 → out=0
ERROR: ../../tb/dff_tb.sv:60: FAIL: d=0 clk=1 → out=1 (expected out=0)
       Time: 715000  Scope: dff_tb.$ivl_for_loop0
Time 715000: d=0 clk=1 → out=1
ERROR: ../../tb/dff_tb.sv:60: FAIL: d=1 clk=1 → out=0 (expected out=1)
       Time: 725000  Scope: dff_tb.$ivl_for_loop0
Time 725000: d=1 clk=1 → out=0
Time 735000: d=1 clk=1 → out=1
Time 745000: d=1 clk=1 → out=1
Time 755000: d=1 clk=1 → out=1
Time 765000: d=1 clk=1 → out=1
Time 775000: d=1 clk=1 → out=1
Time 785000: d=1 clk=1 → out=1
Time 795000: d=1 clk=1 → out=1
ERROR: ../../tb/dff_tb.sv:60: FAIL: d=0 clk=1 → out=1 (expected out=0)
       Time: 805000  Scope: dff_tb.$ivl_for_loop0
Time 805000: d=0 clk=1 → out=1
Time 815000: d=0 clk=1 → out=0
Time 825000: d=0 clk=1 → out=0
Time 835000: d=0 clk=1 → out=0
ERROR: ../../tb/dff_tb.sv:60: FAIL: d=1 clk=1 → out=0 (expected out=1)
       Time: 845000  Scope: dff_tb.$ivl_for_loop0
Time 845000: d=1 clk=1 → out=0
ERROR: ../../tb/dff_tb.sv:60: FAIL: d=0 clk=1 → out=1 (expected out=0)
       Time: 855000  Scope: dff_tb.$ivl_for_loop0
Time 855000: d=0 clk=1 → out=1
Time 865000: d=0 clk=1 → out=0
Time 875000: d=0 clk=1 → out=0
Time 885000: d=0 clk=1 → out=0
ERROR: ../../tb/dff_tb.sv:60: FAIL: d=1 clk=1 → out=0 (expected out=1)
       Time: 895000  Scope: dff_tb.$ivl_for_loop0
Time 895000: d=1 clk=1 → out=0
Time 905000: d=1 clk=1 → out=1
ERROR: ../../tb/dff_tb.sv:60: FAIL: d=0 clk=1 → out=1 (expected out=0)
       Time: 915000  Scope: dff_tb.$ivl_for_loop0
Time 915000: d=0 clk=1 → out=1
ERROR: ../../tb/dff_tb.sv:60: FAIL: d=1 clk=1 → out=0 (expected out=1)
       Time: 925000  Scope: dff_tb.$ivl_for_loop0
Time 925000: d=1 clk=1 → out=0
ERROR: ../../tb/dff_tb.sv:60: FAIL: d=0 clk=1 → out=1 (expected out=0)
       Time: 935000  Scope: dff_tb.$ivl_for_loop0
Time 935000: d=0 clk=1 → out=1
ERROR: ../../tb/dff_tb.sv:60: FAIL: d=1 clk=1 → out=0 (expected out=1)
       Time: 945000  Scope: dff_tb.$ivl_for_loop0
Time 945000: d=1 clk=1 → out=0
Time 955000: d=1 clk=1 → out=1
ERROR: ../../tb/dff_tb.sv:60: FAIL: d=0 clk=1 → out=1 (expected out=0)
       Time: 965000  Scope: dff_tb.$ivl_for_loop0
Time 965000: d=0 clk=1 → out=1
ERROR: ../../tb/dff_tb.sv:60: FAIL: d=1 clk=1 → out=0 (expected out=1)
       Time: 975000  Scope: dff_tb.$ivl_for_loop0
Time 975000: d=1 clk=1 → out=0
Time 985000: d=1 clk=1 → out=1
Time 995000: d=1 clk=1 → out=1
ERROR: ../../tb/dff_tb.sv:60: FAIL: d=0 clk=1 → out=1 (expected out=0)
       Time: 1005000  Scope: dff_tb.$ivl_for_loop0
Time 1005000: d=0 clk=1 → out=1
ERROR: ../../tb/dff_tb.sv:60: FAIL: d=1 clk=1 → out=0 (expected out=1)
       Time: 1015000  Scope: dff_tb.$ivl_for_loop0
Time 1015000: d=1 clk=1 → out=0
Time 1025000: d=0 clk=1 → out=1
Testbench complete: 52 passed, 47 failed
../../tb/dff_tb.sv:80: $finish called at 1025000 (1ps)
